Name--> 
Name: Thursday, March 21, 2019 --> true
Travel--> true
Name--> 
Name: Thursday, March 21, 2019 --> true
Travel--> true
Name--> 
Name: Thursday, March 21, 2019 --> true
Travel--> true
Name--> 
Name: Thursday, March 21, 2019 --> true
Travel--> true
Name--> 
Name: Thursday, March 21, 2019 --> true
Travel--> true
Name--> 
Name: Thursday, March 21, 2019 --> true
Travel--> true
Name--> 
Name: Saturday, March 23, 2019 --> true
Travel--> true
Name: Saturday, March 23, 2019 --> true
Travel--> true
Name: Saturday, March 23, 2019 --> true
Travel--> true
Name of actual: Travel
Name: Saturday, March 23, 2019 --> true
Travel--> true
Name of actual: Travel
Name: Saturday, March 23, 2019 --> true
Travel--> true
Name of actual: Travel
Name: Saturday, March 23, 2019 --> true
Travel--> true
Name: Saturday, March 23, 2019 --> true
Travel--> true
Name of actual: Travel
Name: Saturday, March 23, 2019 --> true
Travel--> true
Name of actual: Travel
Name: Saturday, March 23, 2019 --> true
Travel--> true
Name of actual: Travel
