
browser open properly with url--> www.webmd.com/a-

browser close properly 

browser open properly with url--> www.webmd.com/a-

HEALTH displayed as expected

HEALTH is--> true

browser close properly 

browser open properly with url--> www.webmd.com/a-

HEALTH displayed as expected

HEALTH is--> true

browser close properly 

browser open properly with url--> www.webmd.com/a-

HEALTH displayed as expected

HEALTH is--> true

browser close properly 

browser open properly with url--> www.webmd.com/a-

HEALTH displayed as expected

HEALTH is--> true

browser close properly 

browser open properly with url--> www.webmd.com/a-

browser close properly 

browser open properly with url--> www.webmd.com

HEALTH displayed as expected

HEALTH is--> true

Allergies <--is displayed as expected

Allergies <--is displayed as expected

browser close properly 
